src/main/config/security-config.ts(213,9): error TS4104: The type 'readonly ["READ_CREDENTIALS", "WRITE_CREDENTIALS", "VIEW_AUDIT_LOGS"]' is 'readonly' and cannot be assigned to the mutable type 'Permission[]'.
src/main/config/security-config.ts(247,11): error TS2739: Type '{ serviceName: string; credentialExpiryDays: number; }' is missing the following properties from type '{ serviceName: string; credentialExpiryDays: number; encryptionAlgorithm: string; integrityCheckEnabled: boolean; }': encryptionAlgorithm, integrityCheckEnabled
src/main/config/security-config.ts(251,11): error TS2739: Type '{ autoBackupIntervalHours: number; }' is missing the following properties from type '{ autoBackupEnabled: boolean; autoBackupIntervalHours: number; maxBackupFiles: number; encryptionAlgorithm: string; }': autoBackupEnabled, maxBackupFiles, encryptionAlgorithm
src/main/config/security-config.ts(258,11): error TS2739: Type '{ serviceName: string; credentialExpiryDays: number; }' is missing the following properties from type '{ serviceName: string; credentialExpiryDays: number; encryptionAlgorithm: string; integrityCheckEnabled: boolean; }': encryptionAlgorithm, integrityCheckEnabled
src/main/config/security-config.ts(262,11): error TS2739: Type '{ autoBackupIntervalHours: number; }' is missing the following properties from type '{ autoBackupEnabled: boolean; autoBackupIntervalHours: number; maxBackupFiles: number; encryptionAlgorithm: string; }': autoBackupEnabled, maxBackupFiles, encryptionAlgorithm
src/main/config/security-config.ts(269,11): error TS2739: Type '{ serviceName: string; credentialExpiryDays: number; }' is missing the following properties from type '{ serviceName: string; credentialExpiryDays: number; encryptionAlgorithm: string; integrityCheckEnabled: boolean; }': encryptionAlgorithm, integrityCheckEnabled
src/main/config/security-config.ts(273,11): error TS2739: Type '{ autoBackupIntervalHours: number; }' is missing the following properties from type '{ autoBackupEnabled: boolean; autoBackupIntervalHours: number; maxBackupFiles: number; encryptionAlgorithm: string; }': autoBackupEnabled, maxBackupFiles, encryptionAlgorithm
src/main/error-handlers/GlobalErrorHandler.ts(327,11): error TS2322: Type 'string | undefined' is not assignable to type 'string'.
  Type 'undefined' is not assignable to type 'string'.
src/main/error-handlers/GlobalErrorHandler.ts(399,9): error TS2353: Object literal may only specify known properties, and 'details' does not exist in type 'CreateAuditEventRequest'.
src/main/ipc-handlers/backup-recovery.ts(11,3): error TS2305: Module '"../../shared/types/security-types"' has no exported member 'CreateBackupResponse'.
src/main/ipc-handlers/backup-recovery.ts(13,3): error TS2305: Module '"../../shared/types/security-types"' has no exported member 'RestoreBackupResponse'.
src/main/ipc-handlers/backup-recovery.ts(20,3): error TS2305: Module '"../../shared/types/security-types"' has no exported member 'BackupProgress'.
src/main/ipc-handlers/backup-recovery.ts(21,3): error TS2305: Module '"../../shared/types/security-types"' has no exported member 'MigrationProgress'.
src/main/ipc-handlers/backup-recovery.ts(469,9): error TS2353: Object literal may only specify known properties, and 'actorId' does not exist in type 'PermissionCheckContext'.
src/main/ipc-handlers/backup-recovery.ts(498,9): error TS2353: Object literal may only specify known properties, and 'actorId' does not exist in type 'PermissionCheckContext'.
src/main/ipc-handlers/defect-tracking.ts(36,38): error TS18046: 'error' is of type 'unknown'.
src/main/ipc-handlers/defect-tracking.ts(49,36): error TS18046: 'error' is of type 'unknown'.
src/main/ipc-handlers/defect-tracking.ts(62,36): error TS18046: 'error' is of type 'unknown'.
src/main/ipc-handlers/defect-tracking.ts(78,36): error TS18046: 'error' is of type 'unknown'.
src/main/ipc-handlers/defect-tracking.ts(91,36): error TS18046: 'error' is of type 'unknown'.
src/main/ipc-handlers/defect-tracking.ts(104,41): error TS18046: 'error' is of type 'unknown'.
src/main/ipc-handlers/defect-tracking.ts(117,40): error TS18046: 'error' is of type 'unknown'.
src/main/ipc-handlers/defect-tracking.ts(127,40): error TS18046: 'error' is of type 'unknown'.
src/main/ipc-handlers/defect-tracking.ts(137,38): error TS18046: 'error' is of type 'unknown'.
src/main/ipc-handlers/defect-tracking.ts(147,39): error TS18046: 'error' is of type 'unknown'.
src/main/ipc-handlers/defect-tracking.ts(160,41): error TS18046: 'error' is of type 'unknown'.
src/main/ipc-handlers/defect-tracking.ts(173,41): error TS18046: 'error' is of type 'unknown'.
src/main/ipc-handlers/defect-tracking.ts(186,36): error TS18046: 'error' is of type 'unknown'.
src/main/ipc-handlers/defect-tracking.ts(196,38): error TS18046: 'error' is of type 'unknown'.
src/main/ipc-handlers/defect-tracking.ts(212,40): error TS18046: 'error' is of type 'unknown'.
src/main/ipc-handlers/logging.ts(163,7): error TS2322: Type '({ id: string; timestamp: Date; level: "info"; category: "operation"; message: string; context: { component: string; ipAddress?: undefined; }; sessionId: string; accountId: string; sanitized: boolean; originalHash: string; } | { ...; })[]' is not assignable to type 'LogEntry[]'.
  Type '{ id: string; timestamp: Date; level: "info"; category: "operation"; message: string; context: { component: string; ipAddress?: undefined; }; sessionId: string; accountId: string; sanitized: boolean; originalHash: string; } | { ...; }' is not assignable to type 'LogEntry'.
    Type '{ id: string; timestamp: Date; level: "info"; category: "operation"; message: string; context: { component: string; ipAddress?: undefined; }; sessionId: string; accountId: string; sanitized: boolean; originalHash: string; }' is not assignable to type 'LogEntry'.
      Types of property 'level' are incompatible.
        Type '"info"' is not assignable to type 'LogLevel'.
src/main/ipc-handlers/logging.ts(324,5): error TS2739: Type 'AuditStatistics' is missing the following properties from type 'AuditStatistics': oldestEvent, newestEvent, highRiskEvents, recentSecurityViolations
src/main/ipc-handlers/logging.ts(421,46): error TS2339: Property 'addSanitizationRule' does not exist on type 'SanitizationRuleManager'.
src/main/ipc-handlers/logging.ts(446,36): error TS2339: Property 'getSanitizationRules' does not exist on type 'SanitizationRuleManager'.
src/main/ipc-handlers/secure-storage.ts(72,36): error TS2552: Cannot find name 'Permission'. Did you mean 'Permissions'?
src/main/ipc-handlers/secure-storage.ts(72,65): error TS2552: Cannot find name 'Permission'. Did you mean 'Permissions'?
src/main/ipc-handlers/secure-storage.ts(88,11): error TS2552: Cannot find name 'Permission'. Did you mean 'Permissions'?
src/main/ipc-handlers/secure-storage.ts(113,9): error TS2552: Cannot find name 'Permission'. Did you mean 'Permissions'?
src/main/ipc-handlers/secure-storage.ts(192,11): error TS2552: Cannot find name 'Permission'. Did you mean 'Permissions'?
src/main/ipc-handlers/secure-storage.ts(204,36): error TS2552: Cannot find name 'Permission'. Did you mean 'Permissions'?
src/main/ipc-handlers/secure-storage.ts(204,65): error TS2552: Cannot find name 'Permission'. Did you mean 'Permissions'?
src/main/ipc-handlers/secure-storage.ts(213,11): error TS2353: Object literal may only specify known properties, and 'additionalData' does not exist in type '{ userId?: string | undefined; sessionId: string; component: string; resource: string; }'.
src/main/ipc-handlers/secure-storage.ts(221,11): error TS2552: Cannot find name 'Permission'. Did you mean 'Permissions'?
src/main/ipc-handlers/secure-storage.ts(243,9): error TS2552: Cannot find name 'Permission'. Did you mean 'Permissions'?
src/main/ipc-handlers/secure-storage.ts(328,48): error TS2554: Expected 2 arguments, but got 0.
src/main/logging/AuditLogger.ts(246,9): error TS2353: Object literal may only specify known properties, and 'resourceName' does not exist in type 'AuditMetadata'.
src/main/logging/AuditLogger.ts(271,9): error TS2353: Object literal may only specify known properties, and 'violationDescription' does not exist in type 'AuditMetadata'.
src/main/logging/AuditLogger.ts(298,9): error TS2353: Object literal may only specify known properties, and 'loginMethod' does not exist in type 'AuditMetadata'.
src/main/logging/ExceptionSanitizer.ts(161,9): error TS2322: Type '"security"' is not assignable to type 'SanitizationCategory'.
src/main/logging/ExceptionSanitizer.ts(171,9): error TS2322: Type '"security"' is not assignable to type 'SanitizationCategory'.
src/main/logging/ExceptionSanitizer.ts(181,9): error TS2322: Type '"security"' is not assignable to type 'SanitizationCategory'.
src/main/logging/ExceptionSanitizer.ts(191,9): error TS2322: Type '"privacy"' is not assignable to type 'SanitizationCategory'.
src/main/logging/ExceptionSanitizer.ts(201,9): error TS2322: Type '"privacy"' is not assignable to type 'SanitizationCategory'.
src/main/logging/ExceptionSanitizer.ts(211,9): error TS2322: Type '"privacy"' is not assignable to type 'SanitizationCategory'.
src/main/logging/ExceptionSanitizer.ts(221,9): error TS2322: Type '"security"' is not assignable to type 'SanitizationCategory'.
src/main/logging/ExceptionSanitizer.ts(588,11): error TS2322: Type 'string | undefined' is not assignable to type 'string'.
  Type 'undefined' is not assignable to type 'string'.
src/main/logging/ExceptionSanitizer.ts(662,9): error TS2353: Object literal may only specify known properties, and 'details' does not exist in type 'CreateAuditEventRequest'.
src/main/logging/ExceptionSanitizer.ts(691,9): error TS2353: Object literal may only specify known properties, and 'details' does not exist in type 'CreateAuditEventRequest'.
src/main/logging/LogExportManager.ts(118,24): error TS2339: Property 'limit' does not exist on type 'ExportLogsRequest'.
src/main/logging/LogExportManager.ts(134,28): error TS2339: Property 'EXPORT_VALIDATION_FAILED' does not exist on type 'typeof LoggingErrorCode'.
src/main/logging/LogExportManager.ts(141,35): error TS2339: Property 'includeSanitized' does not exist on type 'ExportLogsRequest'.
src/main/logging/LogExportManager.ts(142,37): error TS2339: Property 'includeUnsanitized' does not exist on type 'ExportLogsRequest'.
src/main/logging/LogExportManager.ts(143,34): error TS2339: Property 'includeMetadata' does not exist on type 'ExportLogsRequest'.
src/main/logging/LogExportManager.ts(144,27): error TS2339: Property 'compress' does not exist on type 'ExportLogsRequest'.
src/main/logging/LogExportManager.ts(145,26): error TS2339: Property 'encrypt' does not exist on type 'ExportLogsRequest'.
src/main/logging/LogExportManager.ts(146,27): error TS2339: Property 'password' does not exist on type 'ExportLogsRequest'.
src/main/logging/LogExportManager.ts(166,9): error TS2353: Object literal may only specify known properties, and 'exportId' does not exist in type 'ExportLogsResponse'.
src/main/logging/LogExportManager.ts(191,37): error TS2339: Property 'includeSanitized' does not exist on type 'ExportLogsRequest'.
src/main/logging/LogExportManager.ts(196,38): error TS2339: Property 'includeUnsanitized' does not exist on type 'ExportLogsRequest'.
src/main/logging/LogExportManager.ts(201,19): error TS2339: Property 'searchTerm' does not exist on type 'ExportLogsRequest'.
src/main/logging/LogExportManager.ts(202,37): error TS2339: Property 'searchTerm' does not exist on type 'ExportLogsRequest'.
src/main/logging/LogExportManager.ts(238,17): error TS2339: Property 'includeUnsanitized' does not exist on type 'ExportLogsRequest'.
src/main/logging/LogExportManager.ts(256,17): error TS2339: Property 'includeUnsanitized' does not exist on type 'ExportLogsRequest'.
src/main/logging/LogExportManager.ts(296,28): error TS2339: Property 'EXPORT_VALIDATION_FAILED' does not exist on type 'typeof LoggingErrorCode'.
src/main/logging/LogExportManager.ts(302,37): error TS2559: Type 'Buffer<ArrayBuffer>' has no properties in common with type 'ZlibOptions'.
src/main/logging/LogExportManager.ts(303,36): error TS2345: Argument of type 'unknown' is not assignable to parameter of type 'string | ArrayBufferView<ArrayBufferLike>'.
src/main/logging/LogExportManager.ts(477,37): error TS2339: Property 'includeSanitized' does not exist on type 'ExportLogsRequest'.
src/main/logging/LogExportManager.ts(478,39): error TS2339: Property 'includeUnsanitized' does not exist on type 'ExportLogsRequest'.
src/main/logging/LogExportManager.ts(482,28): error TS2339: Property 'includeUnsanitized' does not exist on type 'ExportLogsRequest'.
src/main/logging/LogExportManager.ts(492,39): error TS2345: Argument of type '{ eventType: "data_access"; description: string; actorId: string; resourceId: string; details: { exportId: string; entryCount: number; fileSizeMB: number; format: ExportFormat; includeSanitized: any; includeUnsanitized: any; startDate: string | undefined; endDate: string | undefined; }; riskLevel: "low" | "medium"; ...' is not assignable to parameter of type 'CreateAuditEventRequest'.
  Property 'action' is missing in type '{ eventType: "data_access"; description: string; actorId: string; resourceId: string; details: { exportId: string; entryCount: number; fileSizeMB: number; format: ExportFormat; includeSanitized: any; includeUnsanitized: any; startDate: string | undefined; endDate: string | undefined; }; riskLevel: "low" | "medium"; ...' but required in type 'CreateAuditEventRequest'.
src/main/logging/LoggingIntegration.ts(202,21): error TS2345: Argument of type '"debug"' is not assignable to parameter of type 'LogLevel'.
src/main/logging/LoggingIntegration.ts(213,21): error TS2345: Argument of type '"info"' is not assignable to parameter of type 'LogLevel'.
src/main/logging/LoggingIntegration.ts(224,21): error TS2345: Argument of type '"warn"' is not assignable to parameter of type 'LogLevel'.
src/main/logging/LoggingIntegration.ts(235,21): error TS2345: Argument of type '"error"' is not assignable to parameter of type 'LogLevel'.
src/main/logging/LoggingIntegration.ts(246,21): error TS2345: Argument of type '"warn"' is not assignable to parameter of type 'LogLevel'.
src/main/logging/LoggingIntegration.ts(258,21): error TS2345: Argument of type '"info"' is not assignable to parameter of type 'LogLevel'.
src/main/logging/LoggingIntegration.ts(271,21): error TS2345: Argument of type '"info"' is not assignable to parameter of type 'LogLevel'.
src/main/logging/LoggingIntegration.ts(360,58): error TS2345: Argument of type '{ eventType: any; description: string; actorId: string; resourceId: string; details: { logId: string; level: LogLevel; category: LogCategory; sessionId: string; timestamp: string; }; riskLevel: any; outcome: string; }' is not assignable to parameter of type 'CreateAuditEventRequest'.
  Property 'action' is missing in type '{ eventType: any; description: string; actorId: string; resourceId: string; details: { logId: string; level: LogLevel; category: LogCategory; sessionId: string; timestamp: string; }; riskLevel: any; outcome: string; }' but required in type 'CreateAuditEventRequest'.
src/main/logging/LoggingIntegration.ts(528,26): error TS2551: Property 'LOG_QUERY_FAILED' does not exist on type 'typeof LoggingErrorCode'. Did you mean 'QUERY_FAILED'?
src/main/logging/LoggingIntegration.ts(628,26): error TS2551: Property 'LOG_QUERY_FAILED' does not exist on type 'typeof LoggingErrorCode'. Did you mean 'QUERY_FAILED'?
src/main/logging/LogRetentionManager.ts(514,41): error TS2559: Type 'Buffer<ArrayBuffer>' has no properties in common with type 'ZlibOptions'.
src/main/logging/LogRetentionManager.ts(515,30): error TS18046: 'compressedData' is of type 'unknown'.
src/main/logging/LogRetentionManager.ts(520,67): error TS2345: Argument of type 'unknown' is not assignable to parameter of type 'Buffer<ArrayBufferLike>'.
src/main/logging/LogRetentionManager.ts(747,45): error TS2559: Type 'NonSharedBuffer' has no properties in common with type 'ZlibOptions'.
src/main/logging/LogRetentionManager.ts(748,34): error TS18046: 'decompressedData' is of type 'unknown'.
src/main/packaging/installer-config.ts(251,18): error TS2345: Argument of type '{ key: "HKEY_CURRENT_USER\\Software\\Microsoft\\Windows\\CurrentVersion\\Uninstall"; value: "com.telegram.auto-reply"; data: string; type: string; }' is not assignable to parameter of type 'never'.
src/main/packaging/installer-config.ts(269,18): error TS2345: Argument of type '{ key: "HKEY_CURRENT_USER\\Software\\TelegramAutoReply"; value: string; data: string; type: string; }' is not assignable to parameter of type 'never'.
src/main/packaging/installer-config.ts(287,20): error TS2345: Argument of type '{ name: "Telegram Web Auto Reply"; target: string; workingDirectory: string; iconPath: "build/assets/icons/icon.ico"; location: string; }' is not assignable to parameter of type 'never'.
src/main/packaging/installer-config.ts(296,20): error TS2345: Argument of type '{ name: "Telegram Web Auto Reply"; target: string; workingDirectory: string; iconPath: "build/assets/icons/icon.ico"; location: string; }' is not assignable to parameter of type 'never'.
src/main/quality/config-manager.ts(86,53): error TS18046: 'error' is of type 'unknown'.
src/main/quality/config-manager.ts(106,53): error TS18046: 'error' is of type 'unknown'.
src/main/quality/config-manager.ts(211,55): error TS18046: 'error' is of type 'unknown'.
src/main/quality/config-manager.ts(318,11): error TS2322: Type '(Partial<T>[Extract<keyof T, string>] & null) | (Partial<T>[Extract<keyof T, string>] & {}) | (Partial<T>[Extract<...>] & object & any[])' is not assignable to type 'T[Extract<keyof T, string>]'.
  'T[Extract<keyof T, string>]' could be instantiated with an arbitrary type which could be unrelated to '(Partial<T>[Extract<keyof T, string>] & null) | (Partial<T>[Extract<keyof T, string>] & {}) | (Partial<T>[Extract<...>] & object & any[])'.
src/main/quality/database.ts(24,3): error TS2459: Module '"../../shared/types/rc-types"' declares 'ValidationResult' locally, but it is not exported.
src/main/quality/database.ts(56,54): error TS18046: 'error' is of type 'unknown'.
src/main/quality/database.ts(360,22): error TS2345: Argument of type 'any' is not assignable to parameter of type 'never'.
src/main/quality/defect-manager.ts(34,36): error TS18046: 'error' is of type 'unknown'.
src/main/quality/defect-manager.ts(55,34): error TS18046: 'error' is of type 'unknown'.
src/main/quality/defect-manager.ts(108,34): error TS18046: 'error' is of type 'unknown'.
src/main/quality/defect-manager.ts(166,34): error TS18046: 'error' is of type 'unknown'.
src/main/quality/defect-manager.ts(188,34): error TS18046: 'error' is of type 'unknown'.
src/main/quality/defect-manager.ts(205,39): error TS18046: 'error' is of type 'unknown'.
src/main/quality/defect-manager.ts(222,38): error TS18046: 'error' is of type 'unknown'.
src/main/quality/defect-manager.ts(238,38): error TS18046: 'error' is of type 'unknown'.
src/main/quality/defect-manager.ts(254,36): error TS18046: 'error' is of type 'unknown'.
src/main/quality/defect-manager.ts(270,37): error TS18046: 'error' is of type 'unknown'.
src/main/quality/defect-manager.ts(287,39): error TS18046: 'error' is of type 'unknown'.
src/main/quality/defect-manager.ts(304,39): error TS18046: 'error' is of type 'unknown'.
src/main/quality/defect-manager.ts(324,34): error TS18046: 'error' is of type 'unknown'.
src/main/quality/defect-manager.ts(356,36): error TS18046: 'error' is of type 'unknown'.
src/main/quality/defect-manager.ts(379,38): error TS18046: 'error' is of type 'unknown'.
src/main/quality/validation-framework.ts(192,33): error TS18046: 'error' is of type 'unknown'.
src/main/quality/validation-framework.ts(193,29): error TS18046: 'error' is of type 'unknown'.
src/main/quality/validation-framework.ts(293,29): error TS18046: 'error' is of type 'unknown'.
src/main/quality/validation-framework.ts(294,27): error TS18046: 'error' is of type 'unknown'.
src/main/quality/validation-framework.ts(346,33): error TS18046: 'error' is of type 'unknown'.
src/main/quality/validation-framework.ts(347,27): error TS18046: 'error' is of type 'unknown'.
src/main/quality/validation-framework.ts(397,29): error TS18046: 'error' is of type 'unknown'.
src/main/quality/validation-framework.ts(398,27): error TS18046: 'error' is of type 'unknown'.
src/main/quality/validation-framework.ts(441,29): error TS18046: 'error' is of type 'unknown'.
src/main/quality/validation-framework.ts(442,27): error TS18046: 'error' is of type 'unknown'.
src/main/reliability/queue/recovery.ts(50,38): error TS2339: Property 'id' does not exist on type 'never'.
src/main/reliability/queue/recovery.ts(52,28): error TS2339: Property 'id' does not exist on type 'never'.
src/main/reliability/queue/recovery.ts(81,17): error TS2322: Type 'null' is not assignable to type 'number | undefined'.
src/main/reliability/queue/recovery.ts(278,22): error TS2339: Property 'priority' does not exist on type 'never'.
src/main/reliability/queue/recovery.ts(279,20): error TS2339: Property 'priority' does not exist on type 'never'.
src/main/reliability/queue/recovery.ts(281,29): error TS2339: Property 'priority' does not exist on type 'never'.
src/main/reliability/queue/recovery.ts(282,20): error TS2339: Property 'priority' does not exist on type 'never'.
src/main/reliability/queue/recovery.ts(287,22): error TS2339: Property 'retryCount' does not exist on type 'never'.
src/main/reliability/queue/recovery.ts(287,40): error TS2339: Property 'maxRetries' does not exist on type 'never'.
src/main/reliability/queue/recovery.ts(288,20): error TS2339: Property 'retryCount' does not exist on type 'never'.
src/main/reliability/queue/recovery.ts(288,38): error TS2339: Property 'maxRetries' does not exist on type 'never'.
src/main/reliability/queue/recovery.ts(293,44): error TS2339: Property 'id' does not exist on type 'never'.
src/main/reliability/queue/recovery.ts(295,60): error TS2339: Property 'id' does not exist on type 'never'.
src/main/reliability/queue/recovery.ts(298,44): error TS2339: Property 'id' does not exist on type 'never'.
src/main/security/BackupManager.ts(136,9): error TS2739: Type '{ version: string; platform: Platform; accountCount: number; credentialCount: number; includedAccounts: string[]; backupType: BackupType; compressionEnabled: boolean; retentionDays: number; tags: string[]; source: string; }' is missing the following properties from type 'BackupMetadata': isAutomatic, triggeredBy, sourceVersion, compressionUsed, partialBackup
src/main/security/BackupManager.ts(185,77): error TS2345: Argument of type 'boolean | undefined' is not assignable to parameter of type 'boolean'.
  Type 'undefined' is not assignable to type 'boolean'.
src/main/security/BackupManager.ts(684,11): error TS2353: Object literal may only specify known properties, and 'actorId' does not exist in type 'PermissionCheckContext'.
src/main/security/BackupManager.ts(717,9): error TS2353: Object literal may only specify known properties, and 'details' does not exist in type 'CreateAuditEventRequest'.
src/main/security/CredentialMigrator.ts(201,13): error TS2739: Type '{ id: string; name: string; description: string; fromVersion: string; toVersion: string; createdAt: Date; startedAt: Date; completedAt: null; status: MigrationStatus.RUNNING; ... 6 more ...; metadata: { ...; }; }' is missing the following properties from type 'Migration': sourceFormat, targetFormat, backupId, errorLog, rollbackAvailable
src/main/security/CredentialMigrator.ts(254,7): error TS2322: Type 'Record<string, any> | undefined' is not assignable to type 'Record<string, any> | null'.
  Type 'undefined' is not assignable to type 'Record<string, any> | null'.
src/main/security/CredentialMigrator.ts(729,11): error TS2353: Object literal may only specify known properties, and 'actorId' does not exist in type 'PermissionCheckContext'.
src/main/security/CredentialMigrator.ts(762,9): error TS2353: Object literal may only specify known properties, and 'details' does not exist in type 'CreateAuditEventRequest'.
src/main/security/KeystoreErrorHandler.ts(9,3): error TS2724: '"../../shared/errors/security-errors"' has no exported member named 'SecureStorageErrorCode'. Did you mean 'SecureStorageError'?
src/main/security/KeystoreErrorHandler.ts(181,22): error TS2345: Argument of type 'Omit<KeystoreErrorInfo, "message">' is not assignable to parameter of type 'KeystoreErrorInfo'.
  Property 'message' is missing in type 'Omit<KeystoreErrorInfo, "message">' but required in type 'KeystoreErrorInfo'.
src/main/security/PermissionMinimizer.ts(207,11): error TS2353: Object literal may only specify known properties, and 'actorId' does not exist in type 'PermissionCheckContext'.
src/main/security/PermissionMinimizer.ts(365,9): error TS2322: Type '"user_action"' is not assignable to type 'AuditEventType'.
src/main/security/PermissionMinimizer.ts(377,9): error TS2322: Type '"low" | "medium"' is not assignable to type 'RiskLevel'.
  Type '"low"' is not assignable to type 'RiskLevel'.
src/main/security/PermissionMinimizer.ts(378,9): error TS2322: Type '"success" | "failure"' is not assignable to type 'AuditOutcome'.
  Type '"success"' is not assignable to type 'AuditOutcome'.
src/main/security/PermissionStatusMonitor.ts(563,7): error TS2353: Object literal may only specify known properties, and 'details' does not exist in type 'CreateAuditEventRequest'.
src/main/security/PermissionValidator.ts(350,9): error TS2322: Type '"security_event"' is not assignable to type 'AuditEventType'.
src/main/security/PermissionValidator.ts(360,9): error TS2322: Type '"critical" | "low" | "medium" | "high"' is not assignable to type 'RiskLevel'.
  Type '"critical"' is not assignable to type 'RiskLevel'.
src/main/security/PermissionValidator.ts(361,9): error TS2322: Type '"failure"' is not assignable to type 'AuditOutcome'.
src/main/security/PermissionViolationDetector.ts(10,3): error TS2305: Module '"../../shared/types/security-types"' has no exported member 'RiskLevel'.
src/main/security/PermissionViolationDetector.ts(11,3): error TS2305: Module '"../../shared/types/security-types"' has no exported member 'AuditEventType'.
src/main/security/PermissionViolationDetector.ts(12,3): error TS2305: Module '"../../shared/types/security-types"' has no exported member 'AuditOutcome'.
src/main/security/PermissionViolationDetector.ts(473,9): error TS2322: Type '"security_event"' is not assignable to type 'AuditEventType'.
src/main/security/PermissionViolationDetector.ts(486,9): error TS2322: Type '"failure"' is not assignable to type 'AuditOutcome'.
src/main/security/PrivilegeAuditor.ts(11,3): error TS2305: Module '"../../shared/types/security-types"' has no exported member 'AuditEventType'.
src/main/security/PrivilegeAuditor.ts(12,3): error TS2305: Module '"../../shared/types/security-types"' has no exported member 'RiskLevel'.
src/main/security/PrivilegeAuditor.ts(13,3): error TS2305: Module '"../../shared/types/security-types"' has no exported member 'AuditOutcome'.
src/main/security/PrivilegeAuditor.ts(561,11): error TS2322: Type '"security_event"' is not assignable to type 'AuditEventType'.
src/main/security/PrivilegeAuditor.ts(572,11): error TS2322: Type '"success" | "failure"' is not assignable to type 'AuditOutcome'.
  Type '"success"' is not assignable to type 'AuditOutcome'.
src/main/security/SecureStorageManager.ts(107,25): error TS2339: Property 'requirePermission' does not exist on type 'PermissionValidator'.
src/main/security/SecureStorageManager.ts(182,25): error TS2339: Property 'requirePermission' does not exist on type 'PermissionValidator'.
src/main/security/SecureStorageManager.ts(237,25): error TS2339: Property 'requirePermission' does not exist on type 'PermissionValidator'.
src/main/security/SecureStorageManager.ts(299,25): error TS2339: Property 'requirePermission' does not exist on type 'PermissionValidator'.
src/main/security/SecureStorageManager.ts(347,25): error TS2339: Property 'requirePermission' does not exist on type 'PermissionValidator'.
src/main/security/SecurityContext.ts(188,9): error TS4104: The type 'readonly ["READ_CREDENTIALS", "WRITE_CREDENTIALS", "VIEW_AUDIT_LOGS"]' is 'readonly' and cannot be assigned to the mutable type 'Permission[]'.
src/main/security/SecurityContext.ts(197,50): error TS2345: Argument of type '"READ_CREDENTIALS" | "WRITE_CREDENTIALS" | "VIEW_AUDIT_LOGS"' is not assignable to parameter of type 'Permission'.
  Type '"READ_CREDENTIALS"' is not assignable to type 'Permission'. Did you mean 'Permission.READ_CREDENTIALS'?
src/main/security/SecurityContext.ts(215,7): error TS2322: Type '("READ_CREDENTIALS" | "WRITE_CREDENTIALS" | "VIEW_AUDIT_LOGS")[]' is not assignable to type 'Permission[]'.
  Type '"READ_CREDENTIALS" | "WRITE_CREDENTIALS" | "VIEW_AUDIT_LOGS"' is not assignable to type 'Permission'.
    Type '"READ_CREDENTIALS"' is not assignable to type 'Permission'. Did you mean 'Permission.READ_CREDENTIALS'?
src/main/security/SecurityContext.ts(316,40): error TS2339: Property 'internal' does not exist on type '{}'.
src/main/security/SecurityContext.ts(316,58): error TS2339: Property 'mac' does not exist on type '{}'.
src/main/security/SecurityContext.ts(317,28): error TS2339: Property 'mac' does not exist on type '{}'.
src/main/storage/account-repository.ts(6,45): error TS2307: Cannot find module '../shared/types' or its corresponding type declarations.
src/main/storage/chat-repository.ts(6,37): error TS2307: Cannot find module '../shared/types' or its corresponding type declarations.
src/main/storage/config.ts(8,32): error TS2307: Cannot find module '../shared/types' or its corresponding type declarations.
src/main/storage/config.ts(9,47): error TS2307: Cannot find module '../shared/constants' or its corresponding type declarations.
src/main/storage/database.ts(648,10): error TS2554: Expected 1 arguments, but got 0.
src/main/storage/log-repository.ts(6,55): error TS2307: Cannot find module '../shared/types' or its corresponding type declarations.
src/main/storage/rule-repository.ts(6,27): error TS2307: Cannot find module '../shared/types' or its corresponding type declarations.
src/main/system/crash-reporter.ts(109,12): error TS2769: No overload matches this call.
  The last overload gave the following error.
    Argument of type '"renderer-process-crashed"' is not assignable to parameter of type '"window-all-closed"'.
src/main/system/error-handler.ts(83,28): error TS2341: Property 'handleCrash' is private and only accessible within class 'CrashReporter'.
src/main/system/error-handler.ts(136,12): error TS2769: No overload matches this call.
  The last overload gave the following error.
    Argument of type '"renderer-process-crashed"' is not assignable to parameter of type '"window-all-closed"'.
src/main/system/shutdown-manager.ts(200,24): error TS2322: Type 'undefined' is not assignable to type 'number'.
src/main/system/startup-manager.ts(149,45): error TS2339: Property 'isQuiting' does not exist on type 'App'.
src/main/system/tray-manager.ts(219,48): error TS2339: Property 'isQuiting' does not exist on type 'App'.
src/main/system/tray-manager.ts(245,7): error TS2740: Type '{ type: "separator"; }' is missing the following properties from type 'MenuItem': checked, click, commandId, enabled, and 9 more.
src/main/system/tray-manager.ts(248,11): error TS2740: Type '{ label: string; enabled: boolean; click: () => void; }' is missing the following properties from type 'MenuItem': checked, commandId, id, menu, and 7 more.
src/main/system/tray-manager.ts(256,7): error TS2740: Type 'MenuItem[]' is missing the following properties from type 'Menu': on, off, once, addListener, and 17 more.
src/main/system/tray-manager.ts(338,9): error TS2339: Property 'isQuiting' does not exist on type 'App'.
src/main/telegram/browser-manager.ts(8,30): error TS2307: Cannot find module '../shared/types' or its corresponding type declarations.
src/main/telegram/session-manager.ts(6,30): error TS2307: Cannot find module '../shared/types' or its corresponding type declarations.
src/main/telegram/session-manager.ts(32,45): error TS2322: Type '"sessionstorage"' is not assignable to type '"cookies" | "filesystem" | "indexdb" | "localstorage" | "shadercache" | "websql" | "serviceworkers" | "cachestorage"'.
src/renderer/background/mark-read-background.ts(72,66): error TS2554: Expected 1-2 arguments, but got 3.
src/renderer/background/mark-read-background.ts(76,20): error TS2551: Property 'markReadByClick' does not exist on type 'MarkReadFallback'. Did you mean 'markReadWithClick'?
src/renderer/background/mark-read-background.ts(82,22): error TS2339: Property 'markReadByEscapeKey' does not exist on type 'MarkReadFallback'.
src/renderer/background/mark-read-background.ts(88,24): error TS2339: Property 'markReadByPageRefresh' does not exist on type 'MarkReadFallback'.
src/renderer/components/packaging/InstallerSettings.tsx(16,58): error TS2307: Cannot find module '@/components/ui/tabs' or its corresponding type declarations.
src/renderer/components/packaging/InstallerSettings.tsx(30,53): error TS2307: Cannot find module '../../shared/types/packaging-types' or its corresponding type declarations.
src/renderer/components/packaging/InstallerSettings.tsx(200,21): error TS2322: Type '{ children: Element[]; value: "msi" | "nsis"; onValueChange: (value: "msi" | "nsis") => void; }' is not assignable to type 'IntrinsicAttributes & SelectProps & RefAttributes<HTMLSelectElement>'.
  Property 'onValueChange' does not exist on type 'IntrinsicAttributes & SelectProps & RefAttributes<HTMLSelectElement>'. Did you mean 'onVolumeChange'?
src/renderer/components/packaging/InstallerSettings.tsx(218,21): error TS2322: Type '{ children: Element[]; value: "arm64" | "x64" | "x86"; onValueChange: (value: "arm64" | "x64" | "x86") => void; }' is not assignable to type 'IntrinsicAttributes & SelectProps & RefAttributes<HTMLSelectElement>'.
  Property 'onValueChange' does not exist on type 'IntrinsicAttributes & SelectProps & RefAttributes<HTMLSelectElement>'. Did you mean 'onVolumeChange'?
src/renderer/components/quality/DefectDashboard.tsx(12,79): error TS2307: Cannot find module '../ui/table' or its corresponding type declarations.
src/renderer/components/quality/DefectDashboard.tsx(248,44): error TS2322: Type '{ children: Element[]; value: string; onValueChange: Dispatch<SetStateAction<string>>; }' is not assignable to type 'IntrinsicAttributes & SelectProps & RefAttributes<HTMLSelectElement>'.
  Property 'onValueChange' does not exist on type 'IntrinsicAttributes & SelectProps & RefAttributes<HTMLSelectElement>'. Did you mean 'onVolumeChange'?
src/renderer/components/quality/DefectDashboard.tsx(261,42): error TS2322: Type '{ children: Element[]; value: string; onValueChange: Dispatch<SetStateAction<string>>; }' is not assignable to type 'IntrinsicAttributes & SelectProps & RefAttributes<HTMLSelectElement>'.
  Property 'onValueChange' does not exist on type 'IntrinsicAttributes & SelectProps & RefAttributes<HTMLSelectElement>'. Did you mean 'onVolumeChange'?
src/renderer/components/security/AuditTrail.tsx(25,58): error TS2307: Cannot find module '../ui/tabs' or its corresponding type declarations.
src/renderer/components/security/AuditTrail.tsx(113,17): error TS2339: Property 'description' does not exist on type 'AuditEvent'.
src/renderer/components/security/AuditTrail.tsx(116,17): error TS2339: Property 'details' does not exist on type 'AuditEvent'.
src/renderer/components/security/AuditTrail.tsx(116,49): error TS2339: Property 'details' does not exist on type 'AuditEvent'.
src/renderer/components/security/AuditTrail.tsx(170,9): error TS2322: Type '"user_action"' is not assignable to type 'AuditEventType'.
src/renderer/components/security/AuditTrail.tsx(178,9): error TS2322: Type '"low"' is not assignable to type 'RiskLevel'.
src/renderer/components/security/AuditTrail.tsx(179,9): error TS2322: Type '"success"' is not assignable to type 'AuditOutcome'.
src/renderer/components/security/AuditTrail.tsx(279,79): error TS2339: Property 'successfulEvents' does not exist on type 'AuditStatistics'.
src/renderer/components/security/AuditTrail.tsx(315,21): error TS2322: Type '{ children: Element[]; value: "all" | AuditEventType; onValueChange: (value: any) => void; }' is not assignable to type 'IntrinsicAttributes & SelectProps & RefAttributes<HTMLSelectElement>'.
  Property 'onValueChange' does not exist on type 'IntrinsicAttributes & SelectProps & RefAttributes<HTMLSelectElement>'. Did you mean 'onVolumeChange'?
src/renderer/components/security/AuditTrail.tsx(333,21): error TS2322: Type '{ children: Element[]; value: "all" | RiskLevel; onValueChange: (value: any) => void; }' is not assignable to type 'IntrinsicAttributes & SelectProps & RefAttributes<HTMLSelectElement>'.
  Property 'onValueChange' does not exist on type 'IntrinsicAttributes & SelectProps & RefAttributes<HTMLSelectElement>'. Did you mean 'onVolumeChange'?
src/renderer/components/security/AuditTrail.tsx(347,21): error TS2322: Type '{ children: Element[]; value: "all" | AuditOutcome; onValueChange: (value: any) => void; }' is not assignable to type 'IntrinsicAttributes & SelectProps & RefAttributes<HTMLSelectElement>'.
  Property 'onValueChange' does not exist on type 'IntrinsicAttributes & SelectProps & RefAttributes<HTMLSelectElement>'. Did you mean 'onVolumeChange'?
src/renderer/components/security/AuditTrail.tsx(427,61): error TS2339: Property 'description' does not exist on type 'AuditEvent'.
src/renderer/components/security/AuditTrail.tsx(433,30): error TS2339: Property 'details' does not exist on type 'AuditEvent'.
src/renderer/components/security/AuditTrail.tsx(433,59): error TS2339: Property 'details' does not exist on type 'AuditEvent'.
src/renderer/components/security/AuditTrail.tsx(438,53): error TS2339: Property 'details' does not exist on type 'AuditEvent'.
src/renderer/components/security/AuditTrail.tsx(485,74): error TS2339: Property 'description' does not exist on type 'AuditEvent'.
src/renderer/components/security/AuditTrail.tsx(491,30): error TS2339: Property 'details' does not exist on type 'AuditEvent'.
src/renderer/components/security/AuditTrail.tsx(491,59): error TS2339: Property 'details' does not exist on type 'AuditEvent'.
src/renderer/components/security/AuditTrail.tsx(496,53): error TS2339: Property 'details' does not exist on type 'AuditEvent'.
src/renderer/components/security/AuditTrail.tsx(570,35): error TS2769: No overload matches this call.
  Overload 1 of 4, '(value: string | number | Date): Date', gave the following error.
    Argument of type 'Date | null' is not assignable to parameter of type 'string | number | Date'.
      Type 'null' is not assignable to type 'string | number | Date'.
  Overload 2 of 4, '(value: string | number): Date', gave the following error.
    Argument of type 'Date | null' is not assignable to parameter of type 'string | number'.
      Type 'null' is not assignable to type 'string | number'.
src/renderer/components/security/AuditTrail.tsx(576,35): error TS2769: No overload matches this call.
  Overload 1 of 4, '(value: string | number | Date): Date', gave the following error.
    Argument of type 'Date | null' is not assignable to parameter of type 'string | number | Date'.
      Type 'null' is not assignable to type 'string | number | Date'.
  Overload 2 of 4, '(value: string | number): Date', gave the following error.
    Argument of type 'Date | null' is not assignable to parameter of type 'string | number'.
      Type 'null' is not assignable to type 'string | number'.
src/renderer/components/security/AuditTrail.tsx(581,69): error TS2339: Property 'averageEventsPerDay' does not exist on type 'AuditStatistics'.
src/renderer/components/security/BackupRestore.tsx(17,26): error TS2307: Cannot find module '../ui/progress' or its corresponding type declarations.
src/renderer/components/security/BackupRestore.tsx(18,58): error TS2307: Cannot find module '../ui/tabs' or its corresponding type declarations.
src/renderer/components/security/BackupRestore.tsx(425,17): error TS2322: Type '{ children: Element[]; value: BackupType; onValueChange: (value: any) => void; }' is not assignable to type 'IntrinsicAttributes & SelectProps & RefAttributes<HTMLSelectElement>'.
  Property 'onValueChange' does not exist on type 'IntrinsicAttributes & SelectProps & RefAttributes<HTMLSelectElement>'. Did you mean 'onVolumeChange'?
src/renderer/components/security/BackupRestore.tsx(576,46): error TS2322: Type '{ children: Element[]; value: string; onValueChange: Dispatch<SetStateAction<string>>; }' is not assignable to type 'IntrinsicAttributes & SelectProps & RefAttributes<HTMLSelectElement>'.
  Property 'onValueChange' does not exist on type 'IntrinsicAttributes & SelectProps & RefAttributes<HTMLSelectElement>'. Did you mean 'onVolumeChange'?
src/renderer/components/security/CreateCredentialForm.tsx(408,43): error TS2322: Type '{ children: Element[]; value: CredentialType; onValueChange: (type: CredentialType) => void; }' is not assignable to type 'IntrinsicAttributes & SelectProps & RefAttributes<HTMLSelectElement>'.
  Property 'onValueChange' does not exist on type 'IntrinsicAttributes & SelectProps & RefAttributes<HTMLSelectElement>'. Did you mean 'onVolumeChange'?
src/renderer/components/security/CreateCredentialForm.tsx(483,19): error TS2353: Object literal may only specify known properties, and 'WebkitTextSecurity' does not exist in type 'Properties<string | number, string & {}>'.
src/renderer/components/security/CredentialManager.tsx(170,36): error TS2322: Type '{ children: Element; asChild: true; }' is not assignable to type 'IntrinsicAttributes & ButtonHTMLAttributes<HTMLButtonElement> & RefAttributes<HTMLButtonElement>'.
  Property 'asChild' does not exist on type 'IntrinsicAttributes & ButtonHTMLAttributes<HTMLButtonElement> & RefAttributes<HTMLButtonElement>'.
src/renderer/components/security/LogViewer.tsx(24,58): error TS2307: Cannot find module '../ui/tabs' or its corresponding type declarations.
src/renderer/components/security/LogViewer.tsx(97,17): error TS2551: Property 'searchTerm' does not exist on type 'QueryLogsRequest'. Did you mean 'searchText'?
src/renderer/components/security/LogViewer.tsx(158,9): error TS2322: Type '"json"' is not assignable to type 'ExportFormat'.
src/renderer/components/security/LogViewer.tsx(304,21): error TS2322: Type '{ children: Element[]; value: "all" | LogLevel; onValueChange: (value: any) => void; }' is not assignable to type 'IntrinsicAttributes & SelectProps & RefAttributes<HTMLSelectElement>'.
  Property 'onValueChange' does not exist on type 'IntrinsicAttributes & SelectProps & RefAttributes<HTMLSelectElement>'. Did you mean 'onVolumeChange'?
src/renderer/components/security/LogViewer.tsx(318,21): error TS2322: Type '{ children: Element[]; value: "all" | LogCategory; onValueChange: (value: any) => void; }' is not assignable to type 'IntrinsicAttributes & SelectProps & RefAttributes<HTMLSelectElement>'.
  Property 'onValueChange' does not exist on type 'IntrinsicAttributes & SelectProps & RefAttributes<HTMLSelectElement>'. Did you mean 'onVolumeChange'?
src/renderer/components/security/LogViewer.tsx(545,35): error TS2769: No overload matches this call.
  Overload 1 of 4, '(value: string | number | Date): Date', gave the following error.
    Argument of type 'Date | null' is not assignable to parameter of type 'string | number | Date'.
      Type 'null' is not assignable to type 'string | number | Date'.
  Overload 2 of 4, '(value: string | number): Date', gave the following error.
    Argument of type 'Date | null' is not assignable to parameter of type 'string | number'.
      Type 'null' is not assignable to type 'string | number'.
src/renderer/components/security/LogViewer.tsx(551,35): error TS2769: No overload matches this call.
  Overload 1 of 4, '(value: string | number | Date): Date', gave the following error.
    Argument of type 'Date | null' is not assignable to parameter of type 'string | number | Date'.
      Type 'null' is not assignable to type 'string | number | Date'.
  Overload 2 of 4, '(value: string | number): Date', gave the following error.
    Argument of type 'Date | null' is not assignable to parameter of type 'string | number'.
      Type 'null' is not assignable to type 'string | number'.
src/renderer/components/security/SanitizationRulesManager.tsx(21,58): error TS2307: Cannot find module '../ui/tabs' or its corresponding type declarations.
src/renderer/components/security/SanitizationRulesManager.tsx(113,9): error TS2353: Object literal may only specify known properties, and 'priority' does not exist in type 'SanitizationRule'.
src/renderer/components/security/SanitizationRulesManager.tsx(153,9): error TS2353: Object literal may only specify known properties, and 'priority' does not exist in type 'SanitizationRule'.
src/renderer/components/security/SanitizationRulesManager.tsx(217,14): error TS2345: Argument of type '(prev: SanitizationRulesManagerState) => { editingRule: SanitizationRule; formData: { name: string; description: string | undefined; ... 5 more ...; globalMatch: any; }; ... 6 more ...; showCreateForm: boolean; }' is not assignable to parameter of type 'SetStateAction<SanitizationRulesManagerState>'.
  Type '(prev: SanitizationRulesManagerState) => { editingRule: SanitizationRule; formData: { name: string; description: string | undefined; ... 5 more ...; globalMatch: any; }; ... 6 more ...; showCreateForm: boolean; }' is not assignable to type '(prevState: SanitizationRulesManagerState) => SanitizationRulesManagerState'.
    Call signature return types '{ editingRule: SanitizationRule; formData: { name: string; description: string | undefined; pattern: string; replacement: string; enabled: boolean; priority: any; caseSensitive: any; globalMatch: any; }; ... 6 more ...; showCreateForm: boolean; }' and 'SanitizationRulesManagerState' are incompatible.
      The types of 'formData.description' are incompatible between these types.
        Type 'string | undefined' is not assignable to type 'string'.
          Type 'undefined' is not assignable to type 'string'.
src/renderer/components/security/SanitizationRulesManager.tsx(226,24): error TS2339: Property 'priority' does not exist on type 'SanitizationRule'.
src/renderer/components/security/SanitizationRulesManager.tsx(227,29): error TS2339: Property 'caseSensitive' does not exist on type 'SanitizationRule'.
src/renderer/components/security/SanitizationRulesManager.tsx(228,27): error TS2339: Property 'globalMatch' does not exist on type 'SanitizationRule'.
src/renderer/components/security/SanitizationRulesManager.tsx(292,46): error TS2339: Property 'priority' does not exist on type 'SanitizationRule'.
src/renderer/components/security/SanitizationRulesManager.tsx(292,59): error TS2339: Property 'priority' does not exist on type 'SanitizationRule'.
src/renderer/components/security/SanitizationRulesManager.tsx(365,39): error TS2339: Property 'priority' does not exist on type 'SanitizationRule'.
src/renderer/components/security/SanitizationRulesManager.tsx(368,35): error TS2339: Property 'caseSensitive' does not exist on type 'SanitizationRule'.
src/renderer/components/security/SanitizationRulesManager.tsx(371,35): error TS2339: Property 'globalMatch' does not exist on type 'SanitizationRule'.
src/renderer/components/security/SanitizationRulesManager.tsx(436,39): error TS2339: Property 'priority' does not exist on type 'SanitizationRule'.
src/renderer/components/security/SecuritySettings.tsx(20,58): error TS2307: Cannot find module '../ui/tabs' or its corresponding type declarations.
src/renderer/components/security/SecuritySettings.tsx(592,22): error TS2304: Cannot find name 'Label'.
src/renderer/components/security/SecuritySettings.tsx(592,64): error TS2304: Cannot find name 'Label'.
src/renderer/components/security/SecuritySettings.tsx(597,20): error TS2304: Cannot find name 'Switch'.
src/renderer/components/security/SecuritySettings.tsx(606,22): error TS2304: Cannot find name 'Label'.
src/renderer/components/security/SecuritySettings.tsx(606,64): error TS2304: Cannot find name 'Label'.
src/renderer/components/security/SecuritySettings.tsx(611,20): error TS2304: Cannot find name 'Switch'.
src/renderer/components/security/SecuritySettings.tsx(621,22): error TS2304: Cannot find name 'Label'.
src/renderer/components/security/SecuritySettings.tsx(621,60): error TS2304: Cannot find name 'Label'.
src/renderer/components/security/SecuritySettings.tsx(626,20): error TS2304: Cannot find name 'Switch'.
src/renderer/components/security/SecuritySettings.tsx(641,22): error TS2304: Cannot find name 'Label'.
src/renderer/components/security/SecuritySettings.tsx(641,67): error TS2304: Cannot find name 'Label'.
src/renderer/components/security/SecuritySettings.tsx(646,20): error TS2304: Cannot find name 'Switch'.
src/renderer/components/security/SecuritySettings.tsx(656,22): error TS2304: Cannot find name 'Label'.
src/renderer/components/security/SecuritySettings.tsx(656,68): error TS2304: Cannot find name 'Label'.
src/renderer/components/security/SecuritySettings.tsx(661,20): error TS2304: Cannot find name 'Switch'.
src/renderer/components/security/SecuritySettings.tsx(671,22): error TS2304: Cannot find name 'Label'.
src/renderer/components/security/SecuritySettings.tsx(671,70): error TS2304: Cannot find name 'Label'.
src/renderer/components/security/SecuritySettings.tsx(676,20): error TS2304: Cannot find name 'Switch'.
src/renderer/components/security/SecuritySettings.tsx(686,22): error TS2304: Cannot find name 'Label'.
src/renderer/components/security/SecuritySettings.tsx(686,73): error TS2304: Cannot find name 'Label'.
src/renderer/components/security/SecuritySettings.tsx(691,20): error TS2304: Cannot find name 'Switch'.
src/renderer/components/security/SecuritySettings.tsx(705,20): error TS2304: Cannot find name 'Label'.
src/renderer/components/security/SecuritySettings.tsx(705,60): error TS2304: Cannot find name 'Label'.
src/renderer/components/security/SecuritySettings.tsx(708,21): error TS2322: Type '{ children: Element[]; value: string; onValueChange: (value: any) => void; disabled: boolean; }' is not assignable to type 'IntrinsicAttributes & SelectProps & RefAttributes<HTMLSelectElement>'.
  Property 'onValueChange' does not exist on type 'IntrinsicAttributes & SelectProps & RefAttributes<HTMLSelectElement>'. Did you mean 'onVolumeChange'?
src/renderer/components/security/SecuritySettings.tsx(711,22): error TS2304: Cannot find name 'SelectTrigger'.
src/renderer/components/security/SecuritySettings.tsx(712,24): error TS2304: Cannot find name 'SelectValue'.
src/renderer/components/security/SecuritySettings.tsx(713,23): error TS2304: Cannot find name 'SelectTrigger'.
src/renderer/components/security/SecuritySettings.tsx(714,22): error TS2304: Cannot find name 'SelectContent'.
src/renderer/components/security/SecuritySettings.tsx(715,24): error TS2304: Cannot find name 'SelectItem'.
src/renderer/components/security/SecuritySettings.tsx(715,50): error TS2304: Cannot find name 'SelectItem'.
src/renderer/components/security/SecuritySettings.tsx(716,24): error TS2304: Cannot find name 'SelectItem'.
src/renderer/components/security/SecuritySettings.tsx(716,52): error TS2304: Cannot find name 'SelectItem'.
src/renderer/components/security/SecuritySettings.tsx(717,24): error TS2304: Cannot find name 'SelectItem'.
src/renderer/components/security/SecuritySettings.tsx(717,52): error TS2304: Cannot find name 'SelectItem'.
src/renderer/components/security/SecuritySettings.tsx(718,24): error TS2304: Cannot find name 'SelectItem'.
src/renderer/components/security/SecuritySettings.tsx(718,52): error TS2304: Cannot find name 'SelectItem'.
src/renderer/components/security/SecuritySettings.tsx(719,23): error TS2304: Cannot find name 'SelectContent'.
src/renderer/components/security/SecuritySettings.tsx(739,18): error TS2304: Cannot find name 'AlertDescription'.
src/renderer/components/security/SecuritySettings.tsx(743,19): error TS2304: Cannot find name 'AlertDescription'.
src/renderer/components/system/CrashReportSettings.tsx(8,75): error TS2307: Cannot find module '../../ui/card' or its corresponding type declarations.
src/renderer/components/system/CrashReportSettings.tsx(9,24): error TS2307: Cannot find module '../../ui/switch' or its corresponding type declarations.
src/renderer/components/system/CrashReportSettings.tsx(10,24): error TS2307: Cannot find module '../../ui/button' or its corresponding type declarations.
src/renderer/components/system/CrashReportSettings.tsx(11,23): error TS2307: Cannot find module '../../ui/input' or its corresponding type declarations.
src/renderer/components/system/CrashReportSettings.tsx(12,23): error TS2307: Cannot find module '../../ui/label' or its corresponding type declarations.
src/renderer/components/system/CrashReportSettings.tsx(13,23): error TS2307: Cannot find module '../../ui/badge' or its corresponding type declarations.
src/renderer/components/system/CrashReportSettings.tsx(14,27): error TS2307: Cannot find module '../../ui/separator' or its corresponding type declarations.
src/renderer/components/system/TrayIcon.tsx(7,31): error TS2307: Cannot find module '../../../services/system-service' or its corresponding type declarations.
src/renderer/components/system/TrayIcon.tsx(9,75): error TS2307: Cannot find module '../../ui/card' or its corresponding type declarations.
src/renderer/components/system/TrayIcon.tsx(10,24): error TS2307: Cannot find module '../../ui/switch' or its corresponding type declarations.
src/renderer/components/system/TrayIcon.tsx(11,24): error TS2307: Cannot find module '../../ui/button' or its corresponding type declarations.
src/renderer/components/system/TrayIcon.tsx(12,23): error TS2307: Cannot find module '../../ui/input' or its corresponding type declarations.
src/renderer/components/system/TrayIcon.tsx(13,23): error TS2307: Cannot find module '../../ui/label' or its corresponding type declarations.
src/renderer/components/system/TrayIcon.tsx(14,23): error TS2307: Cannot find module '../../ui/badge' or its corresponding type declarations.
src/renderer/components/system/TrayIcon.tsx(15,27): error TS2307: Cannot find module '../../ui/separator' or its corresponding type declarations.
src/renderer/components/ui/separator.tsx(2,37): error TS2307: Cannot find module '@radix-ui/react-separator' or its corresponding type declarations.
src/renderer/main.tsx(11,31): error TS2339: Property 'env' does not exist on type 'ImportMeta'.
src/renderer/pages/RateLimit.tsx(24,5): error TS2345: Argument of type 'never[]' is not assignable to parameter of type '{ id: string; type: string; waitTime: number; timestamp: number; } | (() => { id: string; type: string; waitTime: number; timestamp: number; })'.
src/renderer/pages/RateLimit.tsx(107,32): error TS2345: Argument of type '(prev: { id: string; type: string; waitTime: number; timestamp: number; }) => any[]' is not assignable to parameter of type 'SetStateAction<{ id: string; type: string; waitTime: number; timestamp: number; }>'.
  Type '(prev: { id: string; type: string; waitTime: number; timestamp: number; }) => any[]' is not assignable to type '(prevState: { id: string; type: string; waitTime: number; timestamp: number; }) => { id: string; type: string; waitTime: number; timestamp: number; }'.
    Type 'any[]' is missing the following properties from type '{ id: string; type: string; waitTime: number; timestamp: number; }': id, type, waitTime, timestamp
src/renderer/pages/RateLimit.tsx(114,12): error TS2488: Type '{ id: string; type: string; waitTime: number; timestamp: number; }' must have a '[Symbol.iterator]()' method that returns an iterator.
src/renderer/pages/RateLimit.tsx(123,37): error TS2339: Property 'removeListener' does not exist on type '{ invoke: (channel: string, ...args: any[]) => Promise<any>; on: (channel: string, callback: (...args: any[]) => void) => () => void; once: (channel: string, callback: (...args: any[]) => void) => void; send: (channel: string, ...args: any[]) => void; }'.
src/renderer/pages/RateLimit.tsx(124,37): error TS2339: Property 'removeListener' does not exist on type '{ invoke: (channel: string, ...args: any[]) => Promise<any>; on: (channel: string, callback: (...args: any[]) => void) => () => void; once: (channel: string, callback: (...args: any[]) => void) => void; send: (channel: string, ...args: any[]) => void; }'.
src/renderer/pages/RateLimit.tsx(216,30): error TS2339: Property 'length' does not exist on type '{ id: string; type: string; waitTime: number; timestamp: number; }'.
src/renderer/pages/RateLimit.tsx(220,36): error TS2339: Property 'map' does not exist on type '{ id: string; type: string; waitTime: number; timestamp: number; }'.
src/renderer/services/LogViewerService.ts(521,20): error TS2322: Type '"high"' is not assignable to type 'RiskLevel'.
src/renderer/services/LogViewerService.ts(521,28): error TS2322: Type '"critical"' is not assignable to type 'RiskLevel'.
src/renderer/services/system-service.ts(211,33): error TS2339: Property 'off' does not exist on type '{ invoke: (channel: string, ...args: any[]) => Promise<any>; on: (channel: string, callback: (...args: any[]) => void) => () => void; once: (channel: string, callback: (...args: any[]) => void) => void; send: (channel: string, ...args: any[]) => void; }'.
src/shared/contracts/accounts.ts(5,10): error TS2305: Module '"./base"' has no exported member 'IPCResponse'.
src/shared/contracts/logs.ts(5,10): error TS2305: Module '"./base"' has no exported member 'IPCResponse'.
src/shared/contracts/messages.ts(5,10): error TS2305: Module '"./base"' has no exported member 'IPCResponse'.
src/shared/contracts/monitor.ts(5,10): error TS2305: Module '"./base"' has no exported member 'IPCResponse'.
src/shared/contracts/rules.ts(5,10): error TS2305: Module '"./base"' has no exported member 'IPCResponse'.
src/shared/errors/security-errors.ts(8,34): error TS2305: Module '"../types/security-types"' has no exported member 'LoggingErrorCode'.
src/shared/interfaces/quality-service.ts(122,64): error TS2304: Cannot find name 'TestCategory'.
src/shared/types/quality-types-extended.ts(170,3): error TS2484: Export declaration conflicts with exported declaration of 'Artifact'.
src/shared/types/quality-types-extended.ts(171,3): error TS2484: Export declaration conflicts with exported declaration of 'ValidationResult'.
src/shared/types/quality-types-extended.ts(172,3): error TS2484: Export declaration conflicts with exported declaration of 'TestCategory'.
src/shared/types/quality-types-extended.ts(173,3): error TS2484: Export declaration conflicts with exported declaration of 'TestExecution'.
src/shared/types/quality-types-extended.ts(174,3): error TS2484: Export declaration conflicts with exported declaration of 'TestCase'.
src/shared/types/quality-types-extended.ts(175,3): error TS2484: Export declaration conflicts with exported declaration of 'TestStep'.
src/shared/types/quality-types-extended.ts(176,3): error TS2484: Export declaration conflicts with exported declaration of 'Document'.
src/shared/types/quality-types-extended.ts(177,3): error TS2484: Export declaration conflicts with exported declaration of 'ReleaseCandidate'.
src/shared/types/quality-types-extended.ts(178,3): error TS2484: Export declaration conflicts with exported declaration of 'QualityMetrics'.
src/shared/types/quality-types-extended.ts(179,3): error TS2484: Export declaration conflicts with exported declaration of 'QualityGate'.
src/shared/types/quality-types-extended.ts(180,3): error TS2484: Export declaration conflicts with exported declaration of 'QualityGateCriteria'.
src/shared/types/rc-types.ts(6,28): error TS2440: Import declaration conflicts with local declaration of 'Artifact'.
